<?xml version="1.0" encoding="UTF-8"?>
<!-- Generated by org.testng.reporters.JUnitReportReporter -->
<testsuite hostname="Vishnus-MacBook-Pro.local" failures="0" tests="3" name="testNgPackage.TestProgram" time="0.015" errors="0" timestamp="2024-04-25T13:25:41 GST" skipped="0">
  <testcase classname="testNgPackage.TestProgram" name="show" time="0.011"/>
  <system-out/>
  <testcase classname="testNgPackage.TestProgram" name="testMethod" time="0.002"/>
  <system-out/>
  <testcase classname="testNgPackage.TestProgram" name="display" time="0.002"/>
  <system-out/>
</testsuite> <!-- testNgPackage.TestProgram -->
